<?xml version="1.0" encoding="UTF-8"?>
<testng-results skipped="0" failed="0" ignored="0" total="1" passed="1">
  <reporter-output>
  </reporter-output>
  <suite name="Default suite" duration-ms="22175" started-at="2020-09-18T00:13:17 IST" finished-at="2020-09-18T00:13:39 IST">
    <groups>
    </groups>
    <test name="Default test" duration-ms="22175" started-at="2020-09-18T00:13:17 IST" finished-at="2020-09-18T00:13:39 IST">
      <class name="deserializingTest.DeserializingTest">
        <test-method status="PASS" signature="deserTest()[pri:0, instance:deserializingTest.DeserializingTest@4b1c1ea0]" name="deserTest" duration-ms="21651" started-at="2020-09-18T00:13:18 IST" finished-at="2020-09-18T00:13:39 IST">
          <reporter-output>
          </reporter-output>
        </test-method> <!-- deserTest -->
      </class> <!-- deserializingTest.DeserializingTest -->
    </test> <!-- Default test -->
  </suite> <!-- Default suite -->
</testng-results>
